<?xml version="1.0" encoding="UTF-8"?>
<testng-results ignored="0" total="8" passed="6" failed="2" skipped="0">
  <reporter-output>
  </reporter-output>
  <suite started-at="2023-06-27T17:51:56 IST" name="Default suite" finished-at="2023-06-27T17:59:37 IST" duration-ms="460863">
    <groups>
    </groups>
    <test started-at="2023-06-27T17:51:56 IST" name="Default test" finished-at="2023-06-27T17:59:37 IST" duration-ms="460863">
      <class name="Com.TestBluestone.POM_Framework_Test">
        <test-method is-config="true" signature="BeforeTest()[pri:0, instance:Com.TestBluestone.POM_Framework_Test@3f197a46]" started-at="2023-06-27T17:51:56 IST" name="BeforeTest" finished-at="2023-06-27T17:52:08 IST" duration-ms="11853" status="PASS">
          <reporter-output>
          </reporter-output>
        </test-method> <!-- BeforeTest -->
        <test-method signature="TestJ()[pri:0, instance:Com.TestBluestone.POM_Framework_Test@3f197a46]" started-at="2023-06-27T17:52:08 IST" name="TestJ" finished-at="2023-06-27T17:52:21 IST" duration-ms="12454" status="PASS">
          <reporter-output>
          </reporter-output>
        </test-method> <!-- TestJ -->
        <test-method is-config="true" signature="TestAfter()[pri:0, instance:Com.TestBluestone.POM_Framework_Test@3f197a46]" started-at="2023-06-27T17:52:21 IST" name="TestAfter" finished-at="2023-06-27T17:52:21 IST" duration-ms="230" status="PASS">
          <reporter-output>
          </reporter-output>
        </test-method> <!-- TestAfter -->
        <test-method is-config="true" signature="BeforeTest()[pri:0, instance:Com.TestBluestone.POM_Framework_Test@3f197a46]" started-at="2023-06-27T17:52:21 IST" name="BeforeTest" finished-at="2023-06-27T17:52:29 IST" duration-ms="7824" status="PASS">
          <reporter-output>
          </reporter-output>
        </test-method> <!-- BeforeTest -->
        <test-method signature="testF()[pri:1, instance:Com.TestBluestone.POM_Framework_Test@3f197a46]" started-at="2023-06-27T17:52:29 IST" name="testF" finished-at="2023-06-27T17:53:15 IST" duration-ms="46681" status="PASS">
          <reporter-output>
          </reporter-output>
        </test-method> <!-- testF -->
        <test-method is-config="true" signature="TestAfter()[pri:0, instance:Com.TestBluestone.POM_Framework_Test@3f197a46]" started-at="2023-06-27T17:53:15 IST" name="TestAfter" finished-at="2023-06-27T17:53:16 IST" duration-ms="158" status="PASS">
          <reporter-output>
          </reporter-output>
        </test-method> <!-- TestAfter -->
        <test-method is-config="true" signature="BeforeTest()[pri:0, instance:Com.TestBluestone.POM_Framework_Test@3f197a46]" started-at="2023-06-27T17:53:16 IST" name="BeforeTest" finished-at="2023-06-27T17:54:23 IST" duration-ms="67411" status="PASS">
          <reporter-output>
          </reporter-output>
        </test-method> <!-- BeforeTest -->
        <test-method signature="testG()[pri:2, instance:Com.TestBluestone.POM_Framework_Test@3f197a46]" started-at="2023-06-27T17:54:23 IST" name="testG" finished-at="2023-06-27T17:55:27 IST" duration-ms="64049" status="FAIL">
          <exception class="org.openqa.selenium.ElementNotInteractableException">
            <message>
              <![CDATA[element not interactable
  (Session info: chrome=114.0.5735.134)
Build info: version: '4.9.1', revision: 'eb2032df7f'
System info: os.name: 'Windows 11', os.arch: 'amd64', os.version: '10.0', java.version: '20'
Driver info: org.openqa.selenium.chrome.ChromeDriver
Command: [2ce83180f2a4d1a007c45f27461a5f69, clickElement {id=1B147EFB303DE290310AFB0C1F1C98F0_element_148}]
Capabilities {acceptInsecureCerts: false, browserName: chrome, browserVersion: 114.0.5735.134, chrome: {chromedriverVersion: 114.0.5735.90 (386bc09e8f4f..., userDataDir: C:\Users\SHUBHAM\AppData\Lo...}, goog:chromeOptions: {debuggerAddress: localhost:54088}, networkConnectionEnabled: false, pageLoadStrategy: normal, platformName: windows, proxy: Proxy(), se:cdp: ws://localhost:54088/devtoo..., se:cdpVersion: 114.0.5735.134, setWindowRect: true, strictFileInteractability: false, timeouts: {implicit: 0, pageLoad: 300000, script: 30000}, unhandledPromptBehavior: dismiss and notify, webauthn:extension:credBlob: true, webauthn:extension:largeBlob: true, webauthn:extension:minPinLength: true, webauthn:extension:prf: true, webauthn:virtualAuthenticators: true}
Element: [[ChromeDriver: chrome on windows (2ce83180f2a4d1a007c45f27461a5f69)] -> xpath: //input[@value="Submit"]]
Session ID: 2ce83180f2a4d1a007c45f27461a5f69]]>
            </message>
            <full-stacktrace>
              <![CDATA[org.openqa.selenium.ElementNotInteractableException: element not interactable
  (Session info: chrome=114.0.5735.134)
Build info: version: '4.9.1', revision: 'eb2032df7f'
System info: os.name: 'Windows 11', os.arch: 'amd64', os.version: '10.0', java.version: '20'
Driver info: org.openqa.selenium.chrome.ChromeDriver
Command: [2ce83180f2a4d1a007c45f27461a5f69, clickElement {id=1B147EFB303DE290310AFB0C1F1C98F0_element_148}]
Capabilities {acceptInsecureCerts: false, browserName: chrome, browserVersion: 114.0.5735.134, chrome: {chromedriverVersion: 114.0.5735.90 (386bc09e8f4f..., userDataDir: C:\Users\SHUBHAM\AppData\Lo...}, goog:chromeOptions: {debuggerAddress: localhost:54088}, networkConnectionEnabled: false, pageLoadStrategy: normal, platformName: windows, proxy: Proxy(), se:cdp: ws://localhost:54088/devtoo..., se:cdpVersion: 114.0.5735.134, setWindowRect: true, strictFileInteractability: false, timeouts: {implicit: 0, pageLoad: 300000, script: 30000}, unhandledPromptBehavior: dismiss and notify, webauthn:extension:credBlob: true, webauthn:extension:largeBlob: true, webauthn:extension:minPinLength: true, webauthn:extension:prf: true, webauthn:virtualAuthenticators: true}
Element: [[ChromeDriver: chrome on windows (2ce83180f2a4d1a007c45f27461a5f69)] -> xpath: //input[@value="Submit"]]
Session ID: 2ce83180f2a4d1a007c45f27461a5f69
at java.base/jdk.internal.reflect.DirectConstructorHandleAccessor.newInstance(DirectConstructorHandleAccessor.java:67)
at java.base/java.lang.reflect.Constructor.newInstanceWithCaller(Constructor.java:500)
at java.base/java.lang.reflect.Constructor.newInstance(Constructor.java:484)
at org.openqa.selenium.remote.codec.w3c.W3CHttpResponseCodec.createException(W3CHttpResponseCodec.java:200)
at org.openqa.selenium.remote.codec.w3c.W3CHttpResponseCodec.decode(W3CHttpResponseCodec.java:133)
at org.openqa.selenium.remote.codec.w3c.W3CHttpResponseCodec.decode(W3CHttpResponseCodec.java:53)
at org.openqa.selenium.remote.HttpCommandExecutor.execute(HttpCommandExecutor.java:193)
at org.openqa.selenium.remote.service.DriverCommandExecutor.invokeExecute(DriverCommandExecutor.java:183)
at org.openqa.selenium.remote.service.DriverCommandExecutor.execute(DriverCommandExecutor.java:158)
at org.openqa.selenium.remote.RemoteWebDriver.execute(RemoteWebDriver.java:543)
at org.openqa.selenium.remote.RemoteWebElement.execute(RemoteWebElement.java:257)
at org.openqa.selenium.remote.RemoteWebElement.click(RemoteWebElement.java:78)
at java.base/jdk.internal.reflect.DirectMethodHandleAccessor.invoke(DirectMethodHandleAccessor.java:104)
at java.base/java.lang.reflect.Method.invoke(Method.java:578)
at org.openqa.selenium.support.pagefactory.internal.LocatingElementHandler.invoke(LocatingElementHandler.java:52)
at jdk.proxy2/jdk.proxy2.$Proxy16.click(Unknown Source)
at Com.MVN.POM_Framework_class.SubmitB(POM_Framework_class.java:197)
at Com.TestBluestone.POM_Framework_Test.testG(POM_Framework_Test.java:118)
at java.base/jdk.internal.reflect.DirectMethodHandleAccessor.invoke(DirectMethodHandleAccessor.java:104)
at java.base/java.lang.reflect.Method.invoke(Method.java:578)
at org.testng.internal.MethodInvocationHelper.invokeMethod(MethodInvocationHelper.java:134)
at org.testng.internal.TestInvoker.invokeMethod(TestInvoker.java:597)
at org.testng.internal.TestInvoker.invokeTestMethod(TestInvoker.java:173)
at org.testng.internal.MethodRunner.runInSequence(MethodRunner.java:46)
at org.testng.internal.TestInvoker$MethodInvocationAgent.invoke(TestInvoker.java:816)
at org.testng.internal.TestInvoker.invokeTestMethods(TestInvoker.java:146)
at org.testng.internal.TestMethodWorker.invokeTestMethods(TestMethodWorker.java:146)
at org.testng.internal.TestMethodWorker.run(TestMethodWorker.java:128)
at java.base/java.util.ArrayList.forEach(ArrayList.java:1511)
at org.testng.TestRunner.privateRun(TestRunner.java:766)
at org.testng.TestRunner.run(TestRunner.java:587)
at org.testng.SuiteRunner.runTest(SuiteRunner.java:384)
at org.testng.SuiteRunner.runSequentially(SuiteRunner.java:378)
at org.testng.SuiteRunner.privateRun(SuiteRunner.java:337)
at org.testng.SuiteRunner.run(SuiteRunner.java:286)
at org.testng.SuiteRunnerWorker.runSuite(SuiteRunnerWorker.java:53)
at org.testng.SuiteRunnerWorker.run(SuiteRunnerWorker.java:96)
at org.testng.TestNG.runSuitesSequentially(TestNG.java:1187)
at org.testng.TestNG.runSuitesLocally(TestNG.java:1109)
at org.testng.TestNG.runSuites(TestNG.java:1039)
at org.testng.TestNG.run(TestNG.java:1007)
at org.testng.remote.AbstractRemoteTestNG.run(AbstractRemoteTestNG.java:115)
at org.testng.remote.RemoteTestNG.initAndRun(RemoteTestNG.java:251)
at org.testng.remote.RemoteTestNG.main(RemoteTestNG.java:77)
]]>
            </full-stacktrace>
          </exception> <!-- org.openqa.selenium.ElementNotInteractableException -->
          <reporter-output>
          </reporter-output>
        </test-method> <!-- testG -->
        <test-method is-config="true" signature="TestAfter()[pri:0, instance:Com.TestBluestone.POM_Framework_Test@3f197a46]" started-at="2023-06-27T17:55:27 IST" name="TestAfter" finished-at="2023-06-27T17:55:27 IST" duration-ms="157" status="PASS">
          <reporter-output>
          </reporter-output>
        </test-method> <!-- TestAfter -->
        <test-method is-config="true" signature="BeforeTest()[pri:0, instance:Com.TestBluestone.POM_Framework_Test@3f197a46]" started-at="2023-06-27T17:55:27 IST" name="BeforeTest" finished-at="2023-06-27T17:56:11 IST" duration-ms="43298" status="PASS">
          <reporter-output>
          </reporter-output>
        </test-method> <!-- BeforeTest -->
        <test-method signature="TestC()[pri:3, instance:Com.TestBluestone.POM_Framework_Test@3f197a46]" started-at="2023-06-27T17:56:11 IST" name="TestC" finished-at="2023-06-27T17:56:29 IST" duration-ms="18220" status="PASS">
          <reporter-output>
          </reporter-output>
        </test-method> <!-- TestC -->
        <test-method is-config="true" signature="TestAfter()[pri:0, instance:Com.TestBluestone.POM_Framework_Test@3f197a46]" started-at="2023-06-27T17:56:29 IST" name="TestAfter" finished-at="2023-06-27T17:56:29 IST" duration-ms="235" status="PASS">
          <reporter-output>
          </reporter-output>
        </test-method> <!-- TestAfter -->
        <test-method is-config="true" signature="BeforeTest()[pri:0, instance:Com.TestBluestone.POM_Framework_Test@3f197a46]" started-at="2023-06-27T17:56:29 IST" name="BeforeTest" finished-at="2023-06-27T17:56:37 IST" duration-ms="7564" status="PASS">
          <reporter-output>
          </reporter-output>
        </test-method> <!-- BeforeTest -->
        <test-method signature="TestD()[pri:4, instance:Com.TestBluestone.POM_Framework_Test@3f197a46]" started-at="2023-06-27T17:56:37 IST" name="TestD" finished-at="2023-06-27T17:56:50 IST" duration-ms="13688" status="PASS">
          <reporter-output>
          </reporter-output>
        </test-method> <!-- TestD -->
        <test-method is-config="true" signature="TestAfter()[pri:0, instance:Com.TestBluestone.POM_Framework_Test@3f197a46]" started-at="2023-06-27T17:56:50 IST" name="TestAfter" finished-at="2023-06-27T17:56:50 IST" duration-ms="145" status="PASS">
          <reporter-output>
          </reporter-output>
        </test-method> <!-- TestAfter -->
        <test-method is-config="true" signature="BeforeTest()[pri:0, instance:Com.TestBluestone.POM_Framework_Test@3f197a46]" started-at="2023-06-27T17:56:50 IST" name="BeforeTest" finished-at="2023-06-27T17:56:59 IST" duration-ms="8283" status="PASS">
          <reporter-output>
          </reporter-output>
        </test-method> <!-- BeforeTest -->
        <test-method signature="testE()[pri:5, instance:Com.TestBluestone.POM_Framework_Test@3f197a46]" started-at="2023-06-27T17:56:59 IST" name="testE" finished-at="2023-06-27T17:57:30 IST" duration-ms="31318" status="PASS">
          <reporter-output>
          </reporter-output>
        </test-method> <!-- testE -->
        <test-method is-config="true" signature="TestAfter()[pri:0, instance:Com.TestBluestone.POM_Framework_Test@3f197a46]" started-at="2023-06-27T17:57:30 IST" name="TestAfter" finished-at="2023-06-27T17:57:30 IST" duration-ms="164" status="PASS">
          <reporter-output>
          </reporter-output>
        </test-method> <!-- TestAfter -->
        <test-method is-config="true" signature="BeforeTest()[pri:0, instance:Com.TestBluestone.POM_Framework_Test@3f197a46]" started-at="2023-06-27T17:57:30 IST" name="BeforeTest" finished-at="2023-06-27T17:57:40 IST" duration-ms="9529" status="PASS">
          <reporter-output>
          </reporter-output>
        </test-method> <!-- BeforeTest -->
        <test-method signature="testH()[pri:6, instance:Com.TestBluestone.POM_Framework_Test@3f197a46]" started-at="2023-06-27T17:57:40 IST" name="testH" finished-at="2023-06-27T17:58:27 IST" duration-ms="46915" status="PASS">
          <reporter-output>
          </reporter-output>
        </test-method> <!-- testH -->
        <test-method is-config="true" signature="TestAfter()[pri:0, instance:Com.TestBluestone.POM_Framework_Test@3f197a46]" started-at="2023-06-27T17:58:27 IST" name="TestAfter" finished-at="2023-06-27T17:58:27 IST" duration-ms="259" status="PASS">
          <reporter-output>
          </reporter-output>
        </test-method> <!-- TestAfter -->
        <test-method is-config="true" signature="BeforeTest()[pri:0, instance:Com.TestBluestone.POM_Framework_Test@3f197a46]" started-at="2023-06-27T17:58:27 IST" name="BeforeTest" finished-at="2023-06-27T17:59:31 IST" duration-ms="64440" status="PASS">
          <reporter-output>
          </reporter-output>
        </test-method> <!-- BeforeTest -->
        <test-method signature="TestI()[pri:7, instance:Com.TestBluestone.POM_Framework_Test@3f197a46]" started-at="2023-06-27T17:59:31 IST" name="TestI" finished-at="2023-06-27T17:59:37 IST" duration-ms="5671" status="FAIL">
          <exception class="org.openqa.selenium.ElementNotInteractableException">
            <message>
              <![CDATA[element not interactable
  (Session info: chrome=114.0.5735.134)
Build info: version: '4.9.1', revision: 'eb2032df7f'
System info: os.name: 'Windows 11', os.arch: 'amd64', os.version: '10.0', java.version: '20'
Driver info: org.openqa.selenium.chrome.ChromeDriver
Command: [b0d3a34030b41c3fa6a1ecd59f366b9b, clickElement {id=1DAFC3C65D8B86FBFA137443A6A1ABD5_element_135}]
Capabilities {acceptInsecureCerts: false, browserName: chrome, browserVersion: 114.0.5735.134, chrome: {chromedriverVersion: 114.0.5735.90 (386bc09e8f4f..., userDataDir: C:\Users\SHUBHAM\AppData\Lo...}, goog:chromeOptions: {debuggerAddress: localhost:55754}, networkConnectionEnabled: false, pageLoadStrategy: normal, platformName: windows, proxy: Proxy(), se:cdp: ws://localhost:55754/devtoo..., se:cdpVersion: 114.0.5735.134, setWindowRect: true, strictFileInteractability: false, timeouts: {implicit: 0, pageLoad: 300000, script: 30000}, unhandledPromptBehavior: dismiss and notify, webauthn:extension:credBlob: true, webauthn:extension:largeBlob: true, webauthn:extension:minPinLength: true, webauthn:extension:prf: true, webauthn:virtualAuthenticators: true}
Element: [[ChromeDriver: chrome on windows (b0d3a34030b41c3fa6a1ecd59f366b9b)] -> xpath: //ul[@class="two-col"]/descendant::a[@title="Diamond Rings"]]
Session ID: b0d3a34030b41c3fa6a1ecd59f366b9b]]>
            </message>
            <full-stacktrace>
              <![CDATA[org.openqa.selenium.ElementNotInteractableException: element not interactable
  (Session info: chrome=114.0.5735.134)
Build info: version: '4.9.1', revision: 'eb2032df7f'
System info: os.name: 'Windows 11', os.arch: 'amd64', os.version: '10.0', java.version: '20'
Driver info: org.openqa.selenium.chrome.ChromeDriver
Command: [b0d3a34030b41c3fa6a1ecd59f366b9b, clickElement {id=1DAFC3C65D8B86FBFA137443A6A1ABD5_element_135}]
Capabilities {acceptInsecureCerts: false, browserName: chrome, browserVersion: 114.0.5735.134, chrome: {chromedriverVersion: 114.0.5735.90 (386bc09e8f4f..., userDataDir: C:\Users\SHUBHAM\AppData\Lo...}, goog:chromeOptions: {debuggerAddress: localhost:55754}, networkConnectionEnabled: false, pageLoadStrategy: normal, platformName: windows, proxy: Proxy(), se:cdp: ws://localhost:55754/devtoo..., se:cdpVersion: 114.0.5735.134, setWindowRect: true, strictFileInteractability: false, timeouts: {implicit: 0, pageLoad: 300000, script: 30000}, unhandledPromptBehavior: dismiss and notify, webauthn:extension:credBlob: true, webauthn:extension:largeBlob: true, webauthn:extension:minPinLength: true, webauthn:extension:prf: true, webauthn:virtualAuthenticators: true}
Element: [[ChromeDriver: chrome on windows (b0d3a34030b41c3fa6a1ecd59f366b9b)] -> xpath: //ul[@class="two-col"]/descendant::a[@title="Diamond Rings"]]
Session ID: b0d3a34030b41c3fa6a1ecd59f366b9b
at java.base/jdk.internal.reflect.DirectConstructorHandleAccessor.newInstance(DirectConstructorHandleAccessor.java:67)
at java.base/java.lang.reflect.Constructor.newInstanceWithCaller(Constructor.java:500)
at java.base/java.lang.reflect.Constructor.newInstance(Constructor.java:484)
at org.openqa.selenium.remote.codec.w3c.W3CHttpResponseCodec.createException(W3CHttpResponseCodec.java:200)
at org.openqa.selenium.remote.codec.w3c.W3CHttpResponseCodec.decode(W3CHttpResponseCodec.java:133)
at org.openqa.selenium.remote.codec.w3c.W3CHttpResponseCodec.decode(W3CHttpResponseCodec.java:53)
at org.openqa.selenium.remote.HttpCommandExecutor.execute(HttpCommandExecutor.java:193)
at org.openqa.selenium.remote.service.DriverCommandExecutor.invokeExecute(DriverCommandExecutor.java:183)
at org.openqa.selenium.remote.service.DriverCommandExecutor.execute(DriverCommandExecutor.java:158)
at org.openqa.selenium.remote.RemoteWebDriver.execute(RemoteWebDriver.java:543)
at org.openqa.selenium.remote.RemoteWebElement.execute(RemoteWebElement.java:257)
at org.openqa.selenium.remote.RemoteWebElement.click(RemoteWebElement.java:78)
at java.base/jdk.internal.reflect.DirectMethodHandleAccessor.invoke(DirectMethodHandleAccessor.java:104)
at java.base/java.lang.reflect.Method.invoke(Method.java:578)
at org.openqa.selenium.support.pagefactory.internal.LocatingElementHandler.invoke(LocatingElementHandler.java:52)
at jdk.proxy2/jdk.proxy2.$Proxy16.click(Unknown Source)
at Com.MVN.POM_Framework_class.diamondClick(POM_Framework_class.java:121)
at Com.TestBluestone.POM_Framework_Test.TestI(POM_Framework_Test.java:162)
at java.base/jdk.internal.reflect.DirectMethodHandleAccessor.invoke(DirectMethodHandleAccessor.java:104)
at java.base/java.lang.reflect.Method.invoke(Method.java:578)
at org.testng.internal.MethodInvocationHelper.invokeMethod(MethodInvocationHelper.java:134)
at org.testng.internal.TestInvoker.invokeMethod(TestInvoker.java:597)
at org.testng.internal.TestInvoker.invokeTestMethod(TestInvoker.java:173)
at org.testng.internal.MethodRunner.runInSequence(MethodRunner.java:46)
at org.testng.internal.TestInvoker$MethodInvocationAgent.invoke(TestInvoker.java:816)
at org.testng.internal.TestInvoker.invokeTestMethods(TestInvoker.java:146)
at org.testng.internal.TestMethodWorker.invokeTestMethods(TestMethodWorker.java:146)
at org.testng.internal.TestMethodWorker.run(TestMethodWorker.java:128)
at java.base/java.util.ArrayList.forEach(ArrayList.java:1511)
at org.testng.TestRunner.privateRun(TestRunner.java:766)
at org.testng.TestRunner.run(TestRunner.java:587)
at org.testng.SuiteRunner.runTest(SuiteRunner.java:384)
at org.testng.SuiteRunner.runSequentially(SuiteRunner.java:378)
at org.testng.SuiteRunner.privateRun(SuiteRunner.java:337)
at org.testng.SuiteRunner.run(SuiteRunner.java:286)
at org.testng.SuiteRunnerWorker.runSuite(SuiteRunnerWorker.java:53)
at org.testng.SuiteRunnerWorker.run(SuiteRunnerWorker.java:96)
at org.testng.TestNG.runSuitesSequentially(TestNG.java:1187)
at org.testng.TestNG.runSuitesLocally(TestNG.java:1109)
at org.testng.TestNG.runSuites(TestNG.java:1039)
at org.testng.TestNG.run(TestNG.java:1007)
at org.testng.remote.AbstractRemoteTestNG.run(AbstractRemoteTestNG.java:115)
at org.testng.remote.RemoteTestNG.initAndRun(RemoteTestNG.java:251)
at org.testng.remote.RemoteTestNG.main(RemoteTestNG.java:77)
]]>
            </full-stacktrace>
          </exception> <!-- org.openqa.selenium.ElementNotInteractableException -->
          <reporter-output>
          </reporter-output>
        </test-method> <!-- TestI -->
        <test-method is-config="true" signature="TestAfter()[pri:0, instance:Com.TestBluestone.POM_Framework_Test@3f197a46]" started-at="2023-06-27T17:59:37 IST" name="TestAfter" finished-at="2023-06-27T17:59:37 IST" duration-ms="174" status="PASS">
          <reporter-output>
          </reporter-output>
        </test-method> <!-- TestAfter -->
      </class> <!-- Com.TestBluestone.POM_Framework_Test -->
    </test> <!-- Default test -->
  </suite> <!-- Default suite -->
</testng-results>
